Command line: /home/mghalib/miniconda3/envs/phageinformatics_UCPH_June_2024/bin/spades.py	-1	/home/mghalib/miniconda3/Excercises/phageinformatics_UCPH_June_2024/Rainforestdata/SRR18218015.pair1.truncated.fastq.gz	-2	/home/mghalib/miniconda3/Excercises/phageinformatics_UCPH_June_2024/Rainforestdata/SRR18218015.pair2.truncated.fastq.gz	-o	/home/mghalib/miniconda3/Excercises/phageinformatics_UCPH_June_2024/Rainforestdata/SRR18218015spadeskmer33	-k	33	-t	7	-m	12	

System information:
  SPAdes version: 3.15.5
  Python version: 3.10.8
  OS: Linux-5.15.146.1-microsoft-standard-WSL2-x86_64-with-glibc2.35

Output dir: /home/mghalib/miniconda3/Excercises/phageinformatics_UCPH_June_2024/Rainforestdata/SRR18218015spadeskmer33
Mode: read error correction and assembling
Debug mode is turned OFF

Dataset parameters:
  Standard mode
  For multi-cell/isolate data we recommend to use '--isolate' option; for single-cell MDA data use '--sc'; for metagenomic data use '--meta'; for RNA-Seq use '--rna'.
  Reads:
    Library number: 1, library type: paired-end
      orientation: fr
      left reads: ['/home/mghalib/miniconda3/Excercises/phageinformatics_UCPH_June_2024/Rainforestdata/SRR18218015.pair1.truncated.fastq.gz']
      right reads: ['/home/mghalib/miniconda3/Excercises/phageinformatics_UCPH_June_2024/Rainforestdata/SRR18218015.pair2.truncated.fastq.gz']
      interlaced reads: not specified
      single reads: not specified
      merged reads: not specified
Read error correction parameters:
  Iterations: 1
  PHRED offset will be auto-detected
  Corrected reads will be compressed
Assembly parameters:
  k: [33]
  Repeat resolution is enabled
  Mismatch careful mode is turned OFF
  MismatchCorrector will be SKIPPED
  Coverage cutoff is turned OFF
Other parameters:
  Dir for temp files: /home/mghalib/miniconda3/Excercises/phageinformatics_UCPH_June_2024/Rainforestdata/SRR18218015spadeskmer33/tmp
  Threads: 7
  Memory limit (in Gb): 12


======= SPAdes pipeline started. Log can be found here: /home/mghalib/miniconda3/Excercises/phageinformatics_UCPH_June_2024/Rainforestdata/SRR18218015spadeskmer33/spades.log

/home/mghalib/miniconda3/Excercises/phageinformatics_UCPH_June_2024/Rainforestdata/SRR18218015.pair1.truncated.fastq.gz: max reads length: 266
/home/mghalib/miniconda3/Excercises/phageinformatics_UCPH_June_2024/Rainforestdata/SRR18218015.pair2.truncated.fastq.gz: max reads length: 266

Reads length: 266


===== Before start started. 


===== Read error correction started. 


===== Read error correction started. 


== Running: /home/mghalib/miniconda3/envs/phageinformatics_UCPH_June_2024/bin/spades-hammer /home/mghalib/miniconda3/Excercises/phageinformatics_UCPH_June_2024/Rainforestdata/SRR18218015spadeskmer33/corrected/configs/config.info

  0:00:00.001     1M / 27M   INFO    General                 (main.cpp                  :  75)   Starting BayesHammer, built from N/A, git revision N/A
  0:00:00.002     1M / 27M   INFO    General                 (main.cpp                  :  76)   Loading config from /home/mghalib/miniconda3/Excercises/phageinformatics_UCPH_June_2024/Rainforestdata/SRR18218015spadeskmer33/corrected/configs/config.info
  0:00:00.004     1M / 27M   INFO    General                 (main.cpp                  :  78)   Maximum # of threads to use (adjusted due to OMP capabilities): 7
  0:00:00.004     1M / 27M   INFO    General                 (memory_limit.cpp          :  54)   Memory limit set to 12 Gb
  0:00:00.004     1M / 27M   INFO    General                 (main.cpp                  :  86)   Trying to determine PHRED offset
  0:00:00.004     1M / 27M   INFO    General                 (main.cpp                  :  92)   Determined value is 33
  0:00:00.004     1M / 27M   INFO    General                 (hammer_tools.cpp          :  38)   Hamming graph threshold tau=1, k=21, subkmer positions = [ 0 10 ]
  0:00:00.004     1M / 27M   INFO    General                 (main.cpp                  : 113)   Size of aux. kmer data 24 bytes
     === ITERATION 0 begins ===
  0:00:00.006     1M / 27M   INFO    General                 (kmer_index_builder.hpp    : 243)   Splitting kmer instances into 16 files using 7 threads. This might take a while.
  0:00:00.006     1M / 27M   INFO    General                 (file_limit.hpp            :  42)   Open file limit set to 1024
  0:00:00.006     1M / 27M   INFO    General                 (kmer_splitter.hpp         :  93)   Memory available for splitting buffers: 0.571424 Gb
  0:00:00.006     1M / 27M   INFO    General                 (kmer_splitter.hpp         : 101)   Using cell size of 4194304
  0:00:00.061  4033M / 4033M INFO   K-mer Splitting          (kmer_data.cpp             :  97)   Processing /home/mghalib/miniconda3/Excercises/phageinformatics_UCPH_June_2024/Rainforestdata/SRR18218015.pair1.truncated.fastq.gz
  0:00:07.086  4033M / 4033M INFO   K-mer Splitting          (kmer_data.cpp             : 107)   Processed 582313 reads
  0:00:07.086  4033M / 4033M INFO   K-mer Splitting          (kmer_data.cpp             :  97)   Processing /home/mghalib/miniconda3/Excercises/phageinformatics_UCPH_June_2024/Rainforestdata/SRR18218015.pair2.truncated.fastq.gz
  0:00:14.280  4033M / 4033M INFO   K-mer Splitting          (kmer_data.cpp             : 107)   Processed 1164626 reads
  0:00:14.280  4033M / 4033M INFO   K-mer Splitting          (kmer_data.cpp             : 112)   Total 1164626 reads processed
  0:00:14.280     1M / 2120M INFO    General                 (kmer_index_builder.hpp    : 249)   Starting k-mer counting.
  0:00:14.297     1M / 2120M INFO    General                 (kmer_index_builder.hpp    : 260)   K-mer counting done. There are 2411092 kmers in total.
  0:00:14.297     1M / 2120M INFO   K-mer Index Building     (kmer_index_builder.hpp    : 395)   Building perfect hash indices
  0:00:14.359     2M / 2120M INFO   K-mer Index Building     (kmer_index_builder.hpp    : 431)   Index built. Total 2411092 kmers, 1753256 bytes occupied (5.8173 bits per kmer).
  0:00:14.360     2M / 2120M INFO   K-mer Counting           (kmer_data.cpp             : 354)   Arranging kmers in hash map order
  0:00:14.415    40M / 2120M INFO    General                 (main.cpp                  : 148)   Clustering Hamming graph.
  0:00:16.160    40M / 2120M INFO    General                 (main.cpp                  : 155)   Extracting clusters:
  0:00:16.160    40M / 2120M INFO    General                 (concurrent_dsu.cpp        :  18)   Connecting to root
  0:00:16.167    40M / 2120M INFO    General                 (concurrent_dsu.cpp        :  34)   Calculating counts
  0:00:16.273    57M / 2120M INFO    General                 (concurrent_dsu.cpp        :  63)   Writing down entries
  0:00:16.412    40M / 2120M INFO    General                 (main.cpp                  : 167)   Clustering done. Total clusters: 899740
  0:00:16.413    21M / 2120M INFO   K-mer Counting           (kmer_data.cpp             : 371)   Collecting K-mer information, this takes a while.
  0:00:16.423    77M / 2120M INFO   K-mer Counting           (kmer_data.cpp             : 377)   Processing /home/mghalib/miniconda3/Excercises/phageinformatics_UCPH_June_2024/Rainforestdata/SRR18218015.pair1.truncated.fastq.gz
  0:00:32.606    77M / 2120M INFO   K-mer Counting           (kmer_data.cpp             : 377)   Processing /home/mghalib/miniconda3/Excercises/phageinformatics_UCPH_June_2024/Rainforestdata/SRR18218015.pair2.truncated.fastq.gz
  0:00:47.108    77M / 2120M INFO   K-mer Counting           (kmer_data.cpp             : 384)   Collection done, postprocessing.
  0:00:47.116    77M / 2120M INFO   K-mer Counting           (kmer_data.cpp             : 397)   There are 2411092 kmers in total. Among them 0 (0%) are singletons.
  0:00:47.116    77M / 2120M INFO    General                 (main.cpp                  : 173)   Subclustering Hamming graph
  0:00:47.713    77M / 2120M INFO   Hamming Subclustering    (kmer_cluster.cpp          : 650)   Subclustering done. Total 24 non-read kmers were generated.
  0:00:47.713    77M / 2120M INFO   Hamming Subclustering    (kmer_cluster.cpp          : 651)   Subclustering statistics:
  0:00:47.713    77M / 2120M INFO   Hamming Subclustering    (kmer_cluster.cpp          : 652)     Total singleton hamming clusters: 784568. Among them 469202 (59.8039%) are good
  0:00:47.713    77M / 2120M INFO   Hamming Subclustering    (kmer_cluster.cpp          : 653)     Total singleton subclusters: 367. Among them 366 (99.7275%) are good
  0:00:47.713    77M / 2120M INFO   Hamming Subclustering    (kmer_cluster.cpp          : 654)     Total non-singleton subcluster centers: 117389. Among them 111707 (95.1597%) are good
  0:00:47.713    77M / 2120M INFO   Hamming Subclustering    (kmer_cluster.cpp          : 655)     Average size of non-trivial subcluster: 13.8561 kmers
  0:00:47.713    77M / 2120M INFO   Hamming Subclustering    (kmer_cluster.cpp          : 656)     Average number of sub-clusters per non-singleton cluster: 1.02244
  0:00:47.713    77M / 2120M INFO   Hamming Subclustering    (kmer_cluster.cpp          : 657)     Total solid k-mers: 581275
  0:00:47.713    77M / 2120M INFO   Hamming Subclustering    (kmer_cluster.cpp          : 658)     Substitution probabilities: [4,4]((0.950269,0.0148993,0.0184355,0.0163966),(0.0216143,0.94783,0.00847298,0.0220826),(0.0219066,0.00842806,0.947867,0.0217989),(0.0162749,0.0183265,0.0147991,0.950599))
  0:00:47.714    77M / 2120M INFO    General                 (main.cpp                  : 178)   Finished clustering.
  0:00:47.714    77M / 2120M INFO    General                 (main.cpp                  : 197)   Starting solid k-mers expansion in 7 threads.
  0:00:53.626    77M / 2120M INFO    General                 (main.cpp                  : 218)   Solid k-mers iteration 0 produced 20245 new k-mers.
  0:01:00.540    77M / 2120M INFO    General                 (main.cpp                  : 218)   Solid k-mers iteration 1 produced 31 new k-mers.
  0:01:09.388    77M / 2120M INFO    General                 (main.cpp                  : 218)   Solid k-mers iteration 2 produced 0 new k-mers.
  0:01:09.400    77M / 2120M INFO    General                 (main.cpp                  : 222)   Solid k-mers finalized
  0:01:09.408    77M / 2120M INFO    General                 (hammer_tools.cpp          : 222)   Starting read correction in 7 threads.
  0:01:09.415    77M / 2120M INFO    General                 (hammer_tools.cpp          : 235)   Correcting pair of reads: /home/mghalib/miniconda3/Excercises/phageinformatics_UCPH_June_2024/Rainforestdata/SRR18218015.pair1.truncated.fastq.gz and /home/mghalib/miniconda3/Excercises/phageinformatics_UCPH_June_2024/Rainforestdata/SRR18218015.pair2.truncated.fastq.gz
  0:01:13.256   717M / 2120M INFO    General                 (hammer_tools.cpp          : 170)   Prepared batch 0 of 582313 reads.
  0:01:26.527   753M / 2120M INFO    General                 (hammer_tools.cpp          : 177)   Processed batch 0
  0:01:27.781   753M / 2120M INFO    General                 (hammer_tools.cpp          : 187)   Written batch 0
  0:01:27.915    77M / 2120M INFO    General                 (hammer_tools.cpp          : 276)   Correction done. Changed 114480 bases in 76876 reads.
  0:01:27.930    77M / 2120M INFO    General                 (hammer_tools.cpp          : 277)   Failed to correct 9332 bases out of 199298812.
  0:01:27.931     1M / 2120M INFO    General                 (main.cpp                  : 255)   Saving corrected dataset description to /home/mghalib/miniconda3/Excercises/phageinformatics_UCPH_June_2024/Rainforestdata/SRR18218015spadeskmer33/corrected/corrected.yaml
  0:01:27.932     1M / 2120M INFO    General                 (main.cpp                  : 262)   All done. Exiting.

===== Read error correction finished. 


===== corrected reads compression started. 


== Running: /home/mghalib/miniconda3/envs/phageinformatics_UCPH_June_2024/bin/python /home/mghalib/miniconda3/envs/phageinformatics_UCPH_June_2024/share/spades/spades_pipeline/scripts/compress_all.py --input_file /home/mghalib/miniconda3/Excercises/phageinformatics_UCPH_June_2024/Rainforestdata/SRR18218015spadeskmer33/corrected/corrected.yaml --ext_python_modules_home /home/mghalib/miniconda3/envs/phageinformatics_UCPH_June_2024/share/spades --max_threads 7 --output_dir /home/mghalib/miniconda3/Excercises/phageinformatics_UCPH_June_2024/Rainforestdata/SRR18218015spadeskmer33/corrected --gzip_output

== Compressing corrected reads (with pigz)
== Files to compress: ['/home/mghalib/miniconda3/Excercises/phageinformatics_UCPH_June_2024/Rainforestdata/SRR18218015spadeskmer33/corrected/SRR18218015.pair1.truncated.fastq.00.0_0.cor.fastq', '/home/mghalib/miniconda3/Excercises/phageinformatics_UCPH_June_2024/Rainforestdata/SRR18218015spadeskmer33/corrected/SRR18218015.pair2.truncated.fastq.00.0_0.cor.fastq', '/home/mghalib/miniconda3/Excercises/phageinformatics_UCPH_June_2024/Rainforestdata/SRR18218015spadeskmer33/corrected/SRR18218015.pair_unpaired.00.0_0.cor.fastq']
== Files compression is finished
== Dataset yaml file is updated

===== corrected reads compression finished. 


===== Read error correction finished. 


===== Assembling started. 


===== K33 started. 


== Running: /home/mghalib/miniconda3/envs/phageinformatics_UCPH_June_2024/bin/spades-core /home/mghalib/miniconda3/Excercises/phageinformatics_UCPH_June_2024/Rainforestdata/SRR18218015spadeskmer33/K33/configs/config.info

  0:00:00.000     1M / 27M   INFO    General                 (main.cpp                  :  99)   Loaded config from /home/mghalib/miniconda3/Excercises/phageinformatics_UCPH_June_2024/Rainforestdata/SRR18218015spadeskmer33/K33/configs/config.info
  0:00:00.010     1M / 27M   INFO    General                 (memory_limit.cpp          :  54)   Memory limit set to 12 Gb
  0:00:00.027     1M / 27M   INFO    General                 (main.cpp                  : 107)   Starting SPAdes, built from N/A, git revision N/A
  0:00:00.033     1M / 27M   INFO    General                 (main.cpp                  : 108)   Maximum k-mer length: 128
  0:00:00.040     1M / 27M   INFO    General                 (main.cpp                  : 109)   Assembling dataset (/home/mghalib/miniconda3/Excercises/phageinformatics_UCPH_June_2024/Rainforestdata/SRR18218015spadeskmer33/dataset.info) with K=33
  0:00:00.058     1M / 27M   INFO    General                 (main.cpp                  : 110)   Maximum # of threads to use (adjusted due to OMP capabilities): 7
  0:00:00.060     1M / 27M   INFO    General                 (pipeline.cpp              : 212)   SPAdes started
  0:00:00.070     1M / 27M   INFO    General                 (pipeline.cpp              : 225)   Starting from stage: read_conversion
  0:00:00.071     1M / 27M   INFO    General                 (pipeline.cpp              : 231)   Two-step repeat resolution disabled
  0:00:00.081     1M / 27M   INFO   GraphCore                (graph_core.hpp            : 672)   Graph created, vertex min_id: 3, edge min_id: 3
  0:00:00.082     1M / 27M   INFO   GraphCore                (graph_core.hpp            : 673)   Vertex size: 48, edge size: 40
  0:00:00.105     1M / 27M   INFO    General                 (edge_index.hpp            : 113)   Size of edge index entries: 12/8
  0:00:00.116     1M / 27M   INFO    General                 (pipeline.cpp              : 242)   Will need read mapping, kmer mapper will be attached
  0:00:00.119     1M / 27M   INFO   StageManager             (stage.cpp                 : 185)   STAGE == Binary Read Conversion (id: read_conversion)
  0:00:00.124     1M / 27M   INFO    General                 (read_converter.cpp        :  72)   Converting reads to binary format for library #0 (takes a while)
  0:00:00.126     1M / 27M   INFO    General                 (read_converter.cpp        :  73)   Converting paired reads
  0:00:00.922    69M / 111M  INFO    General                 (binary_converter.cpp      :  96)   16384 reads processed
  0:00:00.951    75M / 123M  INFO    General                 (binary_converter.cpp      :  96)   32768 reads processed
  0:00:01.005    87M / 147M  INFO    General                 (binary_converter.cpp      :  96)   65536 reads processed
  0:00:01.340    74M / 177M  INFO    General                 (binary_converter.cpp      :  96)   131072 reads processed
  0:00:02.098    86M / 205M  INFO    General                 (binary_converter.cpp      :  96)   262144 reads processed
  0:00:03.507    72M / 257M  INFO    General                 (binary_converter.cpp      :  96)   524288 reads processed
  0:00:03.898    63M / 257M  INFO    General                 (binary_converter.cpp      : 111)   582255 reads written
  0:00:03.899    41M / 257M  INFO    General                 (read_converter.cpp        :  86)   Converting single reads
  0:00:03.899    71M / 257M  INFO    General                 (binary_converter.cpp      : 111)   0 reads written
  0:00:03.899    61M / 257M  INFO    General                 (read_converter.cpp        :  92)   Converting merged reads
  0:00:03.899    71M / 257M  INFO    General                 (binary_converter.cpp      : 111)   0 reads written
  0:00:03.919     1M / 258M  INFO   StageManager             (stage.cpp                 : 185)   STAGE == de Bruijn graph construction (id: construction)
  0:00:03.919     1M / 258M  INFO    General                 (construction.cpp          : 153)   Max read length 266
  0:00:03.920     1M / 258M  INFO    General                 (construction.cpp          : 159)   Average read length 171.123
  0:00:03.920     1M / 258M  INFO    General                 (stage.cpp                 : 117)   PROCEDURE == k+1-mer counting (id: construction:kpomer_counting)
  0:00:03.920     1M / 258M  INFO    General                 (kmer_index_builder.hpp    : 243)   Splitting kmer instances into 70 files using 7 threads. This might take a while.
  0:00:03.924     1M / 258M  INFO    General                 (file_limit.hpp            :  42)   Open file limit set to 1024
  0:00:03.941     1M / 258M  INFO    General                 (kmer_splitter.hpp         :  93)   Memory available for splitting buffers: 0.571413 Gb
  0:00:03.941     1M / 258M  INFO    General                 (kmer_splitter.hpp         : 101)   Using cell size of 479349
  0:00:12.801  4411M / 4411M INFO    General                 (kmer_splitters.hpp        : 125)   Processed 2329020 reads
  0:00:12.808     1M / 3548M INFO    General                 (kmer_splitters.hpp        : 131)   Used 2329020 reads
  0:00:12.824     1M / 3548M INFO    General                 (kmer_index_builder.hpp    : 249)   Starting k-mer counting.
  0:00:12.852     1M / 3548M INFO    General                 (kmer_index_builder.hpp    : 260)   K-mer counting done. There are 473396 kmers in total.
  0:00:12.864     1M / 3548M INFO    General                 (stage.cpp                 : 117)   PROCEDURE == Extension index construction (id: construction:extension_index_construction)
  0:00:12.872     1M / 3548M INFO   K-mer Index Building     (kmer_index_builder.hpp    : 438)   Building kmer index
  0:00:12.886     1M / 3548M INFO    General                 (kmer_index_builder.hpp    : 243)   Splitting kmer instances into 70 files using 7 threads. This might take a while.
  0:00:12.890     1M / 3548M INFO    General                 (file_limit.hpp            :  42)   Open file limit set to 1024
  0:00:12.890     1M / 3548M INFO    General                 (kmer_splitter.hpp         :  93)   Memory available for splitting buffers: 0.571409 Gb
  0:00:12.890     1M / 3548M INFO    General                 (kmer_splitter.hpp         : 101)   Using cell size of 479349
  0:00:13.031  4411M / 4411M INFO    General                 (kmer_splitters.hpp        : 194)   Processed 473396 kmers
  0:00:13.031  4411M / 4411M INFO    General                 (kmer_splitters.hpp        : 199)   Used 473396 kmers.
  0:00:13.032     1M / 3548M INFO    General                 (kmer_index_builder.hpp    : 249)   Starting k-mer counting.
  0:00:13.056     1M / 3548M INFO    General                 (kmer_index_builder.hpp    : 260)   K-mer counting done. There are 471878 kmers in total.
  0:00:13.066     1M / 3548M INFO   K-mer Index Building     (kmer_index_builder.hpp    : 395)   Building perfect hash indices
  0:00:13.108     1M / 3548M INFO   K-mer Index Building     (kmer_index_builder.hpp    : 431)   Index built. Total 471878 kmers, 393728 bytes occupied (6.67508 bits per kmer).
  0:00:13.109     1M / 3548M INFO    General                 (kmer_index_builder.hpp    : 169)   Merging final buckets.
  0:00:13.129     2M / 3548M INFO   DeBruijnExtensionIndexBu (kmer_extension_index_build: 100)   Building k-mer extensions from k+1-mers
  0:00:13.173     2M / 3548M INFO   DeBruijnExtensionIndexBu (kmer_extension_index_build: 105)   Building k-mer extensions from k+1-mers finished.
  0:00:13.175     2M / 3548M INFO    General                 (stage.cpp                 : 117)   PROCEDURE == Condensing graph (id: construction:graph_condensing)
  0:00:13.175     2M / 3548M INFO   UnbranchingPathExtractor (debruijn_graph_constructor: 354)   Extracting unbranching paths
  0:00:13.222     3M / 3548M INFO   UnbranchingPathExtractor (debruijn_graph_constructor: 373)   Extracting unbranching paths finished. 15065 sequences extracted
  0:00:13.270     3M / 3548M INFO   UnbranchingPathExtractor (debruijn_graph_constructor: 309)   Collecting perfect loops
  0:00:13.316     3M / 3548M INFO   UnbranchingPathExtractor (debruijn_graph_constructor: 342)   Collecting perfect loops finished. 0 loops collected
  0:00:13.321     3M / 3548M INFO    General                 (debruijn_graph_constructor: 487)   Total 30130 edges to create
  0:00:13.322     4M / 3548M INFO    General                 (debruijn_graph_constructor: 489)   Collecting link records
  0:00:13.342     4M / 3548M INFO    General                 (debruijn_graph_constructor: 491)   Ordering link records
  0:00:13.342     4M / 3548M INFO    General                 (debruijn_graph_constructor: 493)   Sorting done
  0:00:13.343     5M / 3548M INFO    General                 (debruijn_graph_constructor: 503)   Total 13547 vertices to create
  0:00:13.345     6M / 3548M INFO    General                 (debruijn_graph_constructor: 506)   Connecting the graph
  0:00:13.369     5M / 3548M INFO    General                 (stage.cpp                 : 117)   PROCEDURE == Filling coverage indices (PHM) (id: construction:coverage_filling_phm)
  0:00:13.373     5M / 3548M INFO   K-mer Index Building     (kmer_index_builder.hpp    : 395)   Building perfect hash indices
  0:00:13.424     5M / 3548M INFO   K-mer Index Building     (kmer_index_builder.hpp    : 431)   Index built. Total 473396 kmers, 394800 bytes occupied (6.67179 bits per kmer).
  0:00:13.424     7M / 3548M INFO    General                 (coverage_hash_map_builder.:  47)   Collecting k-mer coverage information from reads, this takes a while.
  0:00:20.980     7M / 3548M INFO    General                 (construction.cpp          : 430)   Filling coverage and flanking coverage from PHM
  0:00:21.038     7M / 3548M INFO    General                 (coverage_filling.hpp      :  82)   Processed 30130 edges
  0:00:21.063     4M / 3548M INFO   StageManager             (stage.cpp                 : 185)   STAGE == EC Threshold Finding (id: ec_threshold_finder)
  0:00:21.134     4M / 3548M INFO    General                 (kmer_coverage_model.cpp   : 181)   Kmer coverage valley at: 0
  0:00:21.134     4M / 3548M INFO    General                 (kmer_coverage_model.cpp   : 201)   K-mer histogram maximum: 1
  0:00:21.134     4M / 3548M WARN    General                 (kmer_coverage_model.cpp   : 218)   Too many erroneous kmers, the estimates might be unreliable
  0:00:21.134     4M / 3548M INFO    General                 (kmer_coverage_model.cpp   : 237)   Estimated median coverage: 1. Coverage mad: 3.31519
  0:00:21.134     4M / 3548M INFO    General                 (kmer_coverage_model.cpp   : 259)   Fitting coverage model
  0:00:21.148     4M / 3548M INFO    General                 (kmer_coverage_model.cpp   : 295)   ... iteration 2
  0:00:21.158     4M / 3548M INFO    General                 (kmer_coverage_model.cpp   : 295)   ... iteration 4
  0:00:21.175     4M / 3548M INFO    General                 (kmer_coverage_model.cpp   : 309)   Fitted mean coverage: 2. Fitted coverage std. dev: 3.10265e-16
  0:00:21.178     4M / 3548M INFO    General                 (kmer_coverage_model.cpp   : 334)   Probability of erroneous kmer at valley: 1
  0:00:21.183     4M / 3548M INFO    General                 (kmer_coverage_model.cpp   : 358)   Preliminary threshold calculated as: 2
  0:00:21.192     4M / 3548M INFO    General                 (kmer_coverage_model.cpp   : 362)   Threshold adjusted to: 1
  0:00:21.203     4M / 3548M INFO    General                 (kmer_coverage_model.cpp   : 375)   Estimated genome size (ignoring repeats): 392757
  0:00:21.214     4M / 3548M INFO    General                 (genomic_info_filler.cpp   :  55)   Mean coverage was calculated as 2
  0:00:21.222     4M / 3548M INFO    General                 (genomic_info_filler.cpp   :  70)   EC coverage threshold value was calculated as 1
  0:00:21.222     4M / 3548M INFO    General                 (genomic_info_filler.cpp   :  71)   Trusted kmer low bound: 0
  0:00:21.236     4M / 3548M INFO   StageManager             (stage.cpp                 : 185)   STAGE == Gap Closer (id: early_gapcloser)
  0:00:21.259    13M / 3548M INFO    General                 (edge_index.hpp            : 113)   Size of edge index entries: 12/8
  0:00:21.269    13M / 3548M INFO    General                 (gap_closer.cpp            : 101)   Total edges in tip neighborhood: 5871 out of 30130, length: 468745
  0:00:21.270    13M / 3548M INFO    General                 (edge_index.hpp            : 167)   Using small index (max_id = 30283)
  0:00:21.274    13M / 3548M INFO   K-mer Index Building     (kmer_index_builder.hpp    : 395)   Building perfect hash indices
  0:00:21.447    13M / 3548M INFO   K-mer Index Building     (kmer_index_builder.hpp    : 431)   Index built. Total 308777 kmers, 223768 bytes occupied (5.79753 bits per kmer).
  0:00:21.455    16M / 3548M INFO    General                 (edge_index_builders.hpp   : 265)   Collecting edge information from graph, this takes a while.
  0:00:31.527    16M / 3548M INFO    General                 (sequence_mapper_notifier.h:  95)   Total 582255 reads processed
  0:00:31.537    13M / 3548M INFO    General                 (gap_closer.cpp            : 452)   Initializing gap closer
  0:00:31.542    13M / 3548M INFO   GapCloser                (gap_closer.cpp            : 359)   Closing short gaps
  0:00:31.570    13M / 3548M INFO   GapCloser                (gap_closer.cpp            : 391)   Closing short gaps complete: filled 0 gaps after checking 3488 candidates
  0:00:31.578    13M / 3548M INFO    General                 (gap_closer.cpp            : 456)   Gap closer done
  0:00:31.584     4M / 3548M INFO   StageManager             (stage.cpp                 : 185)   STAGE == Raw Simplification (id: raw_simplification)
  0:00:31.590     4M / 3548M INFO    General                 (simplification.cpp        : 127)   PROCEDURE == Initial cleaning
  0:00:31.593     4M / 3548M INFO    General                 (simplification.cpp        :  66)   Most init cleaning disabled since detected mean 2 was less than activation coverage 10
  0:00:31.597     4M / 3548M INFO   Simplification           (parallel_processing.hpp   : 167)   Running Self conjugate edge remover
  0:00:31.608     4M / 3548M INFO   Simplification           (parallel_processing.hpp   : 170)   Self conjugate edge remover triggered 0 times
  0:00:31.610     4M / 3548M INFO   StageManager             (stage.cpp                 : 185)   STAGE == Simplification (id: simplification)
  0:00:31.613     4M / 3548M INFO    General                 (simplification.cpp        : 368)   Graph simplification started
  0:00:31.617     4M / 3548M INFO    General                 (graph_simplification.hpp  : 634)   Creating parallel br instance
  0:00:31.623     4M / 3548M INFO    General                 (simplification.cpp        : 373)   PROCEDURE == Simplification cycle, iteration 1
  0:00:31.628     4M / 3548M INFO   Simplification           (parallel_processing.hpp   : 167)   Running Tip clipper
  0:00:31.669     4M / 3548M INFO   Simplification           (parallel_processing.hpp   : 170)   Tip clipper triggered 3897 times
  0:00:31.675     4M / 3548M INFO   Simplification           (parallel_processing.hpp   : 167)   Running Bulge remover
  0:00:31.778     7M / 3548M INFO   Simplification           (parallel_processing.hpp   : 170)   Bulge remover triggered 1139 times
  0:00:31.778     7M / 3548M INFO   Simplification           (parallel_processing.hpp   : 167)   Running Low coverage edge remover
  0:00:31.779     7M / 3548M INFO   Simplification           (parallel_processing.hpp   : 170)   Low coverage edge remover triggered 0 times
  0:00:31.779     7M / 3548M INFO    General                 (simplification.cpp        : 373)   PROCEDURE == Simplification cycle, iteration 2
  0:00:31.779     7M / 3548M INFO   Simplification           (parallel_processing.hpp   : 167)   Running Tip clipper
  0:00:31.787     7M / 3548M INFO   Simplification           (parallel_processing.hpp   : 170)   Tip clipper triggered 4 times
  0:00:31.789     7M / 3548M INFO   Simplification           (parallel_processing.hpp   : 167)   Running Bulge remover
  0:00:31.791     7M / 3548M INFO   Simplification           (parallel_processing.hpp   : 170)   Bulge remover triggered 1 times
  0:00:31.795     7M / 3548M INFO   Simplification           (parallel_processing.hpp   : 167)   Running Low coverage edge remover
  0:00:31.799     7M / 3548M INFO   Simplification           (parallel_processing.hpp   : 170)   Low coverage edge remover triggered 0 times
  0:00:31.799     7M / 3548M INFO    General                 (simplification.cpp        : 373)   PROCEDURE == Simplification cycle, iteration 3
  0:00:31.799     7M / 3548M INFO   Simplification           (parallel_processing.hpp   : 167)   Running Tip clipper
  0:00:31.799     7M / 3548M INFO   Simplification           (parallel_processing.hpp   : 170)   Tip clipper triggered 0 times
  0:00:31.799     7M / 3548M INFO   Simplification           (parallel_processing.hpp   : 167)   Running Bulge remover
  0:00:31.799     7M / 3548M INFO   Simplification           (parallel_processing.hpp   : 170)   Bulge remover triggered 0 times
  0:00:31.800     7M / 3548M INFO   Simplification           (parallel_processing.hpp   : 167)   Running Low coverage edge remover
  0:00:31.800     7M / 3548M INFO   Simplification           (parallel_processing.hpp   : 170)   Low coverage edge remover triggered 0 times
  0:00:31.800     7M / 3548M INFO    General                 (simplification.cpp        : 373)   PROCEDURE == Simplification cycle, iteration 4
  0:00:31.800     7M / 3548M INFO   Simplification           (parallel_processing.hpp   : 167)   Running Tip clipper
  0:00:31.800     7M / 3548M INFO   Simplification           (parallel_processing.hpp   : 170)   Tip clipper triggered 0 times
  0:00:31.800     7M / 3548M INFO   Simplification           (parallel_processing.hpp   : 167)   Running Bulge remover
  0:00:31.800     7M / 3548M INFO   Simplification           (parallel_processing.hpp   : 170)   Bulge remover triggered 0 times
  0:00:31.800     7M / 3548M INFO   Simplification           (parallel_processing.hpp   : 167)   Running Low coverage edge remover
  0:00:31.800     7M / 3548M INFO   Simplification           (parallel_processing.hpp   : 170)   Low coverage edge remover triggered 0 times
  0:00:31.800     7M / 3548M INFO    General                 (simplification.cpp        : 373)   PROCEDURE == Simplification cycle, iteration 5
  0:00:31.800     7M / 3548M INFO   Simplification           (parallel_processing.hpp   : 167)   Running Tip clipper
  0:00:31.800     7M / 3548M INFO   Simplification           (parallel_processing.hpp   : 170)   Tip clipper triggered 0 times
  0:00:31.800     7M / 3548M INFO   Simplification           (parallel_processing.hpp   : 167)   Running Bulge remover
  0:00:31.801     7M / 3548M INFO   Simplification           (parallel_processing.hpp   : 170)   Bulge remover triggered 0 times
  0:00:31.801     7M / 3548M INFO   Simplification           (parallel_processing.hpp   : 167)   Running Low coverage edge remover
  0:00:31.801     7M / 3548M INFO   Simplification           (parallel_processing.hpp   : 170)   Low coverage edge remover triggered 0 times
  0:00:31.801     7M / 3548M INFO    General                 (simplification.cpp        : 373)   PROCEDURE == Simplification cycle, iteration 6
  0:00:31.801     7M / 3548M INFO   Simplification           (parallel_processing.hpp   : 167)   Running Tip clipper
  0:00:31.801     7M / 3548M INFO   Simplification           (parallel_processing.hpp   : 170)   Tip clipper triggered 0 times
  0:00:31.801     7M / 3548M INFO   Simplification           (parallel_processing.hpp   : 167)   Running Bulge remover
  0:00:31.801     7M / 3548M INFO   Simplification           (parallel_processing.hpp   : 170)   Bulge remover triggered 0 times
  0:00:31.801     7M / 3548M INFO   Simplification           (parallel_processing.hpp   : 167)   Running Low coverage edge remover
  0:00:31.801     7M / 3548M INFO   Simplification           (parallel_processing.hpp   : 170)   Low coverage edge remover triggered 0 times
  0:00:31.802     7M / 3548M INFO    General                 (simplification.cpp        : 373)   PROCEDURE == Simplification cycle, iteration 7
  0:00:31.802     7M / 3548M INFO   Simplification           (parallel_processing.hpp   : 167)   Running Tip clipper
  0:00:31.802     7M / 3548M INFO   Simplification           (parallel_processing.hpp   : 170)   Tip clipper triggered 0 times
  0:00:31.802     7M / 3548M INFO   Simplification           (parallel_processing.hpp   : 167)   Running Bulge remover
  0:00:31.802     7M / 3548M INFO   Simplification           (parallel_processing.hpp   : 170)   Bulge remover triggered 0 times
  0:00:31.802     7M / 3548M INFO   Simplification           (parallel_processing.hpp   : 167)   Running Low coverage edge remover
  0:00:31.802     7M / 3548M INFO   Simplification           (parallel_processing.hpp   : 170)   Low coverage edge remover triggered 0 times
  0:00:31.802     7M / 3548M INFO    General                 (simplification.cpp        : 373)   PROCEDURE == Simplification cycle, iteration 8
  0:00:31.802     7M / 3548M INFO   Simplification           (parallel_processing.hpp   : 167)   Running Tip clipper
  0:00:31.802     7M / 3548M INFO   Simplification           (parallel_processing.hpp   : 170)   Tip clipper triggered 0 times
  0:00:31.802     7M / 3548M INFO   Simplification           (parallel_processing.hpp   : 167)   Running Bulge remover
  0:00:31.802     7M / 3548M INFO   Simplification           (parallel_processing.hpp   : 170)   Bulge remover triggered 0 times
  0:00:31.802     7M / 3548M INFO   Simplification           (parallel_processing.hpp   : 167)   Running Low coverage edge remover
  0:00:31.803     7M / 3548M INFO   Simplification           (parallel_processing.hpp   : 170)   Low coverage edge remover triggered 0 times
  0:00:31.803     7M / 3548M INFO    General                 (simplification.cpp        : 373)   PROCEDURE == Simplification cycle, iteration 9
  0:00:31.803     7M / 3548M INFO   Simplification           (parallel_processing.hpp   : 167)   Running Tip clipper
  0:00:31.803     7M / 3548M INFO   Simplification           (parallel_processing.hpp   : 170)   Tip clipper triggered 0 times
  0:00:31.803     7M / 3548M INFO   Simplification           (parallel_processing.hpp   : 167)   Running Bulge remover
  0:00:31.804     7M / 3548M INFO   Simplification           (parallel_processing.hpp   : 170)   Bulge remover triggered 0 times
  0:00:31.804     7M / 3548M INFO   Simplification           (parallel_processing.hpp   : 167)   Running Low coverage edge remover
  0:00:31.804     7M / 3548M INFO   Simplification           (parallel_processing.hpp   : 170)   Low coverage edge remover triggered 0 times
  0:00:31.804     7M / 3548M INFO    General                 (simplification.cpp        : 373)   PROCEDURE == Simplification cycle, iteration 10
  0:00:31.804     7M / 3548M INFO   Simplification           (parallel_processing.hpp   : 167)   Running Tip clipper
  0:00:31.804     7M / 3548M INFO   Simplification           (parallel_processing.hpp   : 170)   Tip clipper triggered 0 times
  0:00:31.804     7M / 3548M INFO   Simplification           (parallel_processing.hpp   : 167)   Running Bulge remover
  0:00:31.804     7M / 3548M INFO   Simplification           (parallel_processing.hpp   : 170)   Bulge remover triggered 0 times
  0:00:31.804     7M / 3548M INFO   Simplification           (parallel_processing.hpp   : 167)   Running Low coverage edge remover
  0:00:31.804     7M / 3548M INFO   Simplification           (parallel_processing.hpp   : 170)   Low coverage edge remover triggered 0 times
  0:00:31.804     7M / 3548M INFO    General                 (simplification.cpp        : 373)   PROCEDURE == Simplification cycle, iteration 11
  0:00:31.805     7M / 3548M INFO   Simplification           (parallel_processing.hpp   : 167)   Running Tip clipper
  0:00:31.809     7M / 3548M INFO   Simplification           (parallel_processing.hpp   : 170)   Tip clipper triggered 0 times
  0:00:31.812     7M / 3548M INFO   Simplification           (parallel_processing.hpp   : 167)   Running Bulge remover
  0:00:31.824     7M / 3548M INFO   Simplification           (parallel_processing.hpp   : 170)   Bulge remover triggered 1 times
  0:00:31.824     7M / 3548M INFO   Simplification           (parallel_processing.hpp   : 167)   Running Low coverage edge remover
  0:00:31.831     7M / 3548M INFO   Simplification           (parallel_processing.hpp   : 170)   Low coverage edge remover triggered 0 times
  0:00:31.833     7M / 3548M INFO    General                 (simplification.cpp        : 373)   PROCEDURE == Simplification cycle, iteration 12
  0:00:31.835     7M / 3548M INFO   Simplification           (parallel_processing.hpp   : 167)   Running Tip clipper
  0:00:31.835     7M / 3548M INFO   Simplification           (parallel_processing.hpp   : 170)   Tip clipper triggered 1 times
  0:00:31.835     7M / 3548M INFO   Simplification           (parallel_processing.hpp   : 167)   Running Bulge remover
  0:00:31.835     7M / 3548M INFO   Simplification           (parallel_processing.hpp   : 170)   Bulge remover triggered 0 times
  0:00:31.835     7M / 3548M INFO   Simplification           (parallel_processing.hpp   : 167)   Running Low coverage edge remover
  0:00:31.835     7M / 3548M INFO   Simplification           (parallel_processing.hpp   : 170)   Low coverage edge remover triggered 0 times
  0:00:31.835     7M / 3548M INFO    General                 (simplification.cpp        : 373)   PROCEDURE == Simplification cycle, iteration 13
  0:00:31.835     7M / 3548M INFO   Simplification           (parallel_processing.hpp   : 167)   Running Tip clipper
  0:00:31.835     7M / 3548M INFO   Simplification           (parallel_processing.hpp   : 170)   Tip clipper triggered 0 times
  0:00:31.835     7M / 3548M INFO   Simplification           (parallel_processing.hpp   : 167)   Running Bulge remover
  0:00:31.835     7M / 3548M INFO   Simplification           (parallel_processing.hpp   : 170)   Bulge remover triggered 0 times
  0:00:31.835     7M / 3548M INFO   Simplification           (parallel_processing.hpp   : 167)   Running Low coverage edge remover
  0:00:31.835     7M / 3548M INFO   Simplification           (parallel_processing.hpp   : 170)   Low coverage edge remover triggered 0 times
  0:00:31.836     7M / 3548M INFO   StageManager             (stage.cpp                 : 185)   STAGE == Gap Closer (id: late_gapcloser)
  0:00:31.840    16M / 3548M INFO    General                 (edge_index.hpp            : 113)   Size of edge index entries: 12/8
  0:00:31.841    16M / 3548M INFO    General                 (gap_closer.cpp            : 101)   Total edges in tip neighborhood: 1950 out of 8946, length: 356268
  0:00:31.841    16M / 3548M INFO    General                 (edge_index.hpp            : 167)   Using small index (max_id = 30283)
  0:00:31.852    16M / 3548M INFO   K-mer Index Building     (kmer_index_builder.hpp    : 395)   Building perfect hash indices
  0:00:31.960    16M / 3548M INFO   K-mer Index Building     (kmer_index_builder.hpp    : 431)   Index built. Total 180803 kmers, 131336 bytes occupied (5.81123 bits per kmer).
  0:00:31.960    18M / 3548M INFO    General                 (edge_index_builders.hpp   : 265)   Collecting edge information from graph, this takes a while.
  0:00:44.640    18M / 3548M INFO    General                 (sequence_mapper_notifier.h:  95)   Total 582255 reads processed
  0:00:44.646    16M / 3548M INFO    General                 (gap_closer.cpp            : 452)   Initializing gap closer
  0:00:44.649    16M / 3548M INFO   GapCloser                (gap_closer.cpp            : 359)   Closing short gaps
  0:00:44.658    16M / 3548M INFO   GapCloser                (gap_closer.cpp            : 391)   Closing short gaps complete: filled 0 gaps after checking 1120 candidates
  0:00:44.659    16M / 3548M INFO    General                 (gap_closer.cpp            : 456)   Gap closer done
  0:00:44.666     7M / 3548M INFO   StageManager             (stage.cpp                 : 185)   STAGE == Simplification Cleanup (id: simplification_cleanup)
  0:00:44.669     7M / 3548M INFO    General                 (simplification.cpp        : 176)   PROCEDURE == Post simplification
  0:00:44.676     7M / 3548M INFO    General                 (graph_simplification.hpp  : 448)   Disconnection of relatively low covered edges disabled
  0:00:44.677     7M / 3548M INFO    General                 (graph_simplification.hpp  : 485)   Complex tip clipping disabled
  0:00:44.677     7M / 3548M INFO    General                 (graph_simplification.hpp  : 634)   Creating parallel br instance
  0:00:44.677     7M / 3548M INFO   Simplification           (parallel_processing.hpp   : 167)   Running Tip clipper
  0:00:44.677     7M / 3548M INFO   Simplification           (parallel_processing.hpp   : 170)   Tip clipper triggered 0 times
  0:00:44.677     7M / 3548M INFO   Simplification           (parallel_processing.hpp   : 167)   Running Bulge remover
  0:00:44.686     7M / 3548M INFO   Simplification           (parallel_processing.hpp   : 170)   Bulge remover triggered 0 times
  0:00:44.687     7M / 3548M INFO   Simplification           (parallel_processing.hpp   : 167)   Running Tip clipper
  0:00:44.687     7M / 3548M INFO   Simplification           (parallel_processing.hpp   : 170)   Tip clipper triggered 0 times
  0:00:44.687     7M / 3548M INFO   Simplification           (parallel_processing.hpp   : 167)   Running Bulge remover
  0:00:44.693     7M / 3548M INFO   Simplification           (parallel_processing.hpp   : 170)   Bulge remover triggered 0 times
  0:00:44.693     7M / 3548M INFO    General                 (simplification.cpp        : 327)   Disrupting self-conjugate edges
  0:00:44.696     7M / 3548M INFO   Simplification           (parallel_processing.hpp   : 167)   Running Removing isolated edges
  0:00:44.704     7M / 3548M INFO   Simplification           (parallel_processing.hpp   : 170)   Removing isolated edges triggered 795 times
  0:00:44.705     7M / 3548M INFO    General                 (simplification.cpp        : 495)   After simplification:
  0:00:44.707     7M / 3548M INFO    General                 (simplification.cpp        : 496)     Average coverage = 807.314
  0:00:44.707     7M / 3548M INFO    General                 (simplification.cpp        : 497)     Total length = 198623
  0:00:44.713     7M / 3548M INFO    General                 (simplification.cpp        : 498)     Median edge length: 315
  0:00:44.716     7M / 3548M INFO    General                 (simplification.cpp        : 499)     Edges: 7356
  0:00:44.721     7M / 3548M INFO    General                 (simplification.cpp        : 500)     Vertices: 5012
  0:00:44.723     7M / 3548M INFO   StageManager             (stage.cpp                 : 185)   STAGE == Mismatch Correction (id: mismatch_correction)
  0:00:44.725     7M / 3548M INFO    General                 (graph_pack.cpp            :  67)   Index refill
  0:00:44.729     7M / 3548M INFO    General                 (edge_index.hpp            : 156)   Using small index (max_id = 30283)
  0:00:44.757     7M / 3548M INFO   K-mer Index Building     (kmer_index_builder.hpp    : 395)   Building perfect hash indices
  0:00:44.821     7M / 3548M INFO   K-mer Index Building     (kmer_index_builder.hpp    : 431)   Index built. Total 198623 kmers, 144192 bytes occupied (5.80767 bits per kmer).
  0:00:44.824     9M / 3548M INFO    General                 (edge_index_builders.hpp   : 252)   Collecting edge information from graph, this takes a while.
  0:00:44.847     9M / 3548M INFO    General                 (graph_pack.cpp            :  77)   Normalizing k-mer map. Total 79594 kmers to process
  0:00:44.884     9M / 3548M INFO    General                 (graph_pack.cpp            :  79)   Normalizing done
  0:00:44.888     9M / 3548M INFO    General                 (mismatch_correction.cpp   : 400)   Collect potential mismatches
  0:00:44.942     9M / 3548M INFO    General                 (mismatch_correction.cpp   : 192)   Total 2003 edges (out of 7356) with 20109 potential mismatch positions (10.0394 positions per edge)
  0:00:44.945     9M / 3548M INFO    General                 (mismatch_correction.cpp   : 402)   Potential mismatches collected
  0:00:46.746    10M / 3548M INFO    General                 (sequence_mapper_notifier.h:  77)   Processed 200000 reads
  0:00:46.777    11M / 3548M INFO    General                 (sequence_mapper_notifier.h:  77)   Processed 400000 reads
  0:00:46.818    12M / 3548M INFO    General                 (sequence_mapper_notifier.h:  77)   Processed 600000 reads
  0:00:47.081    13M / 3548M INFO    General                 (sequence_mapper_notifier.h:  77)   Processed 800000 reads
  0:00:47.166    14M / 3548M INFO    General                 (sequence_mapper_notifier.h:  77)   Processed 1000000 reads
  0:00:47.219    15M / 3548M INFO    General                 (sequence_mapper_notifier.h:  77)   Processed 1200000 reads
  0:00:48.568    18M / 3548M INFO    General                 (sequence_mapper_notifier.h:  95)   Total 2329020 reads processed
  0:00:48.575    11M / 3548M INFO    General                 (mismatch_correction.cpp   : 395)   All edges processed
  0:00:48.577     9M / 3548M INFO    General                 (mismatch_correction.cpp   : 450)   Corrected 0 nucleotides
  0:00:48.577     9M / 3548M INFO   StageManager             (stage.cpp                 : 185)   STAGE == Contig Output (id: contig_output)
  0:00:48.581     9M / 3548M INFO    General                 (contig_output.hpp         :  16)   Outputting contigs to /home/mghalib/miniconda3/Excercises/phageinformatics_UCPH_June_2024/Rainforestdata/SRR18218015spadeskmer33/K33/before_rr.fasta
  0:00:48.604     9M / 3548M INFO    General                 (contig_output_stage.cpp   : 151)   Writing GFA graph to /home/mghalib/miniconda3/Excercises/phageinformatics_UCPH_June_2024/Rainforestdata/SRR18218015spadeskmer33/K33/assembly_graph_after_simplification.gfa
  0:00:48.620     9M / 3548M INFO   StageManager             (stage.cpp                 : 185)   STAGE == Paired Information Counting (id: late_pair_info_count)
  0:00:48.633    10M / 3548M INFO    General                 (graph_pack.cpp            :  77)   Normalizing k-mer map. Total 79594 kmers to process
  0:00:48.633    10M / 3548M INFO    General                 (graph_pack.cpp            :  79)   Normalizing done
  0:00:48.634    10M / 3548M INFO    General                 (pair_info_count.cpp       : 339)   Min edge length for estimation: 315
  0:00:48.634    10M / 3548M INFO    General                 (pair_info_count.cpp       : 350)   Estimating insert size for library #0
  0:00:48.635    10M / 3548M INFO    General                 (pair_info_count.cpp       : 202)   Estimating insert size (takes a while)
  0:00:48.648   139M / 3548M INFO    General                 (pair_info_count.cpp       :  48)   Selecting usual mapper
  0:00:50.607   139M / 3548M INFO    General                 (sequence_mapper_notifier.h:  95)   Total 582255 reads processed
  0:00:50.737   139M / 3548M INFO    General                 (pair_info_count.cpp       : 220)   Edge pairs: 313816
  0:00:50.741   139M / 3548M INFO    General                 (pair_info_count.cpp       : 222)   0 paired reads (0% of all) aligned to long edges
  0:00:50.741    10M / 3548M WARN    General                 (pair_info_count.cpp       : 358)   Unable to estimate insert size for paired library #0
  0:00:50.741    10M / 3548M WARN    General                 (pair_info_count.cpp       : 364)   None of paired reads aligned properly. Please, check orientation of your read pairs.
  0:00:50.741    10M / 3548M INFO   StageManager             (stage.cpp                 : 185)   STAGE == Distance Estimation (id: distance_estimation)
  0:00:50.741    10M / 3548M INFO    General                 (distance_estimation.cpp   : 186)   Clearing raw paired index
  0:00:50.741    10M / 3548M INFO   StageManager             (stage.cpp                 : 185)   STAGE == Repeat Resolving (id: repeat_resolving)
  0:00:50.741    10M / 3548M WARN    General                 (repeat_resolving.cpp      :  81)   Insert size was not estimated for any of the paired libraries, repeat resolution module will not run.
  0:00:50.741    10M / 3548M INFO   StageManager             (stage.cpp                 : 185)   STAGE == Contig Output (id: contig_output)
  0:00:50.741    10M / 3548M INFO    General                 (contig_output.hpp         :  16)   Outputting contigs to /home/mghalib/miniconda3/Excercises/phageinformatics_UCPH_June_2024/Rainforestdata/SRR18218015spadeskmer33/K33/before_rr.fasta
  0:00:50.756    10M / 3548M INFO    General                 (contig_output_stage.cpp   : 151)   Writing GFA graph to /home/mghalib/miniconda3/Excercises/phageinformatics_UCPH_June_2024/Rainforestdata/SRR18218015spadeskmer33/K33/assembly_graph_with_scaffolds.gfa
  0:00:50.766    10M / 3548M INFO    General                 (contig_output_stage.cpp   : 165)   Outputting FastG graph to /home/mghalib/miniconda3/Excercises/phageinformatics_UCPH_June_2024/Rainforestdata/SRR18218015spadeskmer33/K33/assembly_graph.fastg
  0:00:50.808    10M / 3548M INFO    General                 (contig_output.hpp         :  16)   Outputting contigs to /home/mghalib/miniconda3/Excercises/phageinformatics_UCPH_June_2024/Rainforestdata/SRR18218015spadeskmer33/K33/final_contigs.fasta
  0:00:50.825    10M / 3548M INFO    General                 (pipeline.cpp              : 287)   SPAdes finished
  0:00:50.837     1M / 3548M INFO    General                 (main.cpp                  : 136)   Assembling time: 0 hours 0 minutes 50 seconds

===== K33 finished. 


===== Copy files started. 


== Running: /home/mghalib/miniconda3/envs/phageinformatics_UCPH_June_2024/bin/python /home/mghalib/miniconda3/envs/phageinformatics_UCPH_June_2024/share/spades/spades_pipeline/scripts/copy_files.py /home/mghalib/miniconda3/Excercises/phageinformatics_UCPH_June_2024/Rainforestdata/SRR18218015spadeskmer33/K33/before_rr.fasta /home/mghalib/miniconda3/Excercises/phageinformatics_UCPH_June_2024/Rainforestdata/SRR18218015spadeskmer33/before_rr.fasta /home/mghalib/miniconda3/Excercises/phageinformatics_UCPH_June_2024/Rainforestdata/SRR18218015spadeskmer33/K33/assembly_graph_after_simplification.gfa /home/mghalib/miniconda3/Excercises/phageinformatics_UCPH_June_2024/Rainforestdata/SRR18218015spadeskmer33/assembly_graph_after_simplification.gfa /home/mghalib/miniconda3/Excercises/phageinformatics_UCPH_June_2024/Rainforestdata/SRR18218015spadeskmer33/K33/final_contigs.fasta /home/mghalib/miniconda3/Excercises/phageinformatics_UCPH_June_2024/Rainforestdata/SRR18218015spadeskmer33/contigs.fasta /home/mghalib/miniconda3/Excercises/phageinformatics_UCPH_June_2024/Rainforestdata/SRR18218015spadeskmer33/K33/first_pe_contigs.fasta /home/mghalib/miniconda3/Excercises/phageinformatics_UCPH_June_2024/Rainforestdata/SRR18218015spadeskmer33/first_pe_contigs.fasta /home/mghalib/miniconda3/Excercises/phageinformatics_UCPH_June_2024/Rainforestdata/SRR18218015spadeskmer33/K33/strain_graph.gfa /home/mghalib/miniconda3/Excercises/phageinformatics_UCPH_June_2024/Rainforestdata/SRR18218015spadeskmer33/strain_graph.gfa /home/mghalib/miniconda3/Excercises/phageinformatics_UCPH_June_2024/Rainforestdata/SRR18218015spadeskmer33/K33/scaffolds.fasta /home/mghalib/miniconda3/Excercises/phageinformatics_UCPH_June_2024/Rainforestdata/SRR18218015spadeskmer33/scaffolds.fasta /home/mghalib/miniconda3/Excercises/phageinformatics_UCPH_June_2024/Rainforestdata/SRR18218015spadeskmer33/K33/scaffolds.paths /home/mghalib/miniconda3/Excercises/phageinformatics_UCPH_June_2024/Rainforestdata/SRR18218015spadeskmer33/scaffolds.paths /home/mghalib/miniconda3/Excercises/phageinformatics_UCPH_June_2024/Rainforestdata/SRR18218015spadeskmer33/K33/assembly_graph_with_scaffolds.gfa /home/mghalib/miniconda3/Excercises/phageinformatics_UCPH_June_2024/Rainforestdata/SRR18218015spadeskmer33/assembly_graph_with_scaffolds.gfa /home/mghalib/miniconda3/Excercises/phageinformatics_UCPH_June_2024/Rainforestdata/SRR18218015spadeskmer33/K33/assembly_graph.fastg /home/mghalib/miniconda3/Excercises/phageinformatics_UCPH_June_2024/Rainforestdata/SRR18218015spadeskmer33/assembly_graph.fastg /home/mghalib/miniconda3/Excercises/phageinformatics_UCPH_June_2024/Rainforestdata/SRR18218015spadeskmer33/K33/final_contigs.paths /home/mghalib/miniconda3/Excercises/phageinformatics_UCPH_June_2024/Rainforestdata/SRR18218015spadeskmer33/contigs.paths


===== Copy files finished. 


===== Assembling finished. 


===== Breaking scaffolds started. 


== Running: /home/mghalib/miniconda3/envs/phageinformatics_UCPH_June_2024/bin/python /home/mghalib/miniconda3/envs/phageinformatics_UCPH_June_2024/share/spades/spades_pipeline/scripts/breaking_scaffolds_script.py --result_scaffolds_filename /home/mghalib/miniconda3/Excercises/phageinformatics_UCPH_June_2024/Rainforestdata/SRR18218015spadeskmer33/scaffolds.fasta --misc_dir /home/mghalib/miniconda3/Excercises/phageinformatics_UCPH_June_2024/Rainforestdata/SRR18218015spadeskmer33/misc --threshold_for_breaking_scaffolds 3


===== Breaking scaffolds finished. 


===== Terminate started. 


===== Terminate finished. 

 * Corrected reads are in /home/mghalib/miniconda3/Excercises/phageinformatics_UCPH_June_2024/Rainforestdata/SRR18218015spadeskmer33/corrected/
 * Assembled contigs are in /home/mghalib/miniconda3/Excercises/phageinformatics_UCPH_June_2024/Rainforestdata/SRR18218015spadeskmer33/contigs.fasta
 * Assembly graph is in /home/mghalib/miniconda3/Excercises/phageinformatics_UCPH_June_2024/Rainforestdata/SRR18218015spadeskmer33/assembly_graph.fastg
 * Assembly graph in GFA format is in /home/mghalib/miniconda3/Excercises/phageinformatics_UCPH_June_2024/Rainforestdata/SRR18218015spadeskmer33/assembly_graph_with_scaffolds.gfa

======= SPAdes pipeline finished WITH WARNINGS!

=== Error correction and assembling warnings:
 * 0:00:21.134     4M / 3548M WARN    General                 (kmer_coverage_model.cpp   : 218)   Too many erroneous kmers, the estimates might be unreliable
 * 0:00:50.741    10M / 3548M WARN    General                 (pair_info_count.cpp       : 358)   Unable to estimate insert size for paired library #0
 * 0:00:50.741    10M / 3548M WARN    General                 (pair_info_count.cpp       : 364)   None of paired reads aligned properly. Please, check orientation of your read pairs.
 * 0:00:50.741    10M / 3548M WARN    General                 (repeat_resolving.cpp      :  81)   Insert size was not estimated for any of the paired libraries, repeat resolution module will not run.
======= Warnings saved to /home/mghalib/miniconda3/Excercises/phageinformatics_UCPH_June_2024/Rainforestdata/SRR18218015spadeskmer33/warnings.log

SPAdes log can be found here: /home/mghalib/miniconda3/Excercises/phageinformatics_UCPH_June_2024/Rainforestdata/SRR18218015spadeskmer33/spades.log

Thank you for using SPAdes!
